Determining if the pthread_create exist failed with the following output:
Change Dir: /home/akshitk/rover-control/build/CMakeFiles/CMakeTmp

Run Build Command:/usr/bin/make "cmTryCompileExec636592537/fast"
/usr/bin/make -f CMakeFiles/cmTryCompileExec636592537.dir/build.make CMakeFiles/cmTryCompileExec636592537.dir/build
make[1]: Entering directory `/home/akshitk/rover-control/build/CMakeFiles/CMakeTmp'
/usr/bin/cmake -E cmake_progress_report /home/akshitk/rover-control/build/CMakeFiles/CMakeTmp/CMakeFiles 1
Building C object CMakeFiles/cmTryCompileExec636592537.dir/CheckSymbolExists.c.o
/usr/bin/cc    -o CMakeFiles/cmTryCompileExec636592537.dir/CheckSymbolExists.c.o   -c /home/akshitk/rover-control/build/CMakeFiles/CMakeTmp/CheckSymbolExists.c
Linking C executable cmTryCompileExec636592537
/usr/bin/cmake -E cmake_link_script CMakeFiles/cmTryCompileExec636592537.dir/link.txt --verbose=1
/usr/bin/cc       CMakeFiles/cmTryCompileExec636592537.dir/CheckSymbolExists.c.o  -o cmTryCompileExec636592537 -rdynamic 
CMakeFiles/cmTryCompileExec636592537.dir/CheckSymbolExists.c.o: In function `main':
CheckSymbolExists.c:(.text+0x16): undefined reference to `pthread_create'
collect2: error: ld returned 1 exit status
make[1]: *** [cmTryCompileExec636592537] Error 1
make[1]: Leaving directory `/home/akshitk/rover-control/build/CMakeFiles/CMakeTmp'
make: *** [cmTryCompileExec636592537/fast] Error 2

File /home/akshitk/rover-control/build/CMakeFiles/CMakeTmp/CheckSymbolExists.c:
/* */
#include <pthread.h>

int main(int argc, char** argv)
{
  (void)argv;
#ifndef pthread_create
  return ((int*)(&pthread_create))[argc];
#else
  (void)argc;
  return 0;
#endif
}

Determining if the function pthread_create exists in the pthreads failed with the following output:
Change Dir: /home/akshitk/rover-control/build/CMakeFiles/CMakeTmp

Run Build Command:/usr/bin/make "cmTryCompileExec1253788223/fast"
/usr/bin/make -f CMakeFiles/cmTryCompileExec1253788223.dir/build.make CMakeFiles/cmTryCompileExec1253788223.dir/build
make[1]: Entering directory `/home/akshitk/rover-control/build/CMakeFiles/CMakeTmp'
/usr/bin/cmake -E cmake_progress_report /home/akshitk/rover-control/build/CMakeFiles/CMakeTmp/CMakeFiles 1
Building C object CMakeFiles/cmTryCompileExec1253788223.dir/CheckFunctionExists.c.o
/usr/bin/cc   -DCHECK_FUNCTION_EXISTS=pthread_create   -o CMakeFiles/cmTryCompileExec1253788223.dir/CheckFunctionExists.c.o   -c /usr/share/cmake-2.8/Modules/CheckFunctionExists.c
Linking C executable cmTryCompileExec1253788223
/usr/bin/cmake -E cmake_link_script CMakeFiles/cmTryCompileExec1253788223.dir/link.txt --verbose=1
/usr/bin/cc   -DCHECK_FUNCTION_EXISTS=pthread_create    CMakeFiles/cmTryCompileExec1253788223.dir/CheckFunctionExists.c.o  -o cmTryCompileExec1253788223 -rdynamic -lpthreads 
/usr/bin/ld: cannot find -lpthreads
collect2: error: ld returned 1 exit status
make[1]: Leaving directory `/home/akshitk/rover-control/build/CMakeFiles/CMakeTmp'
make[1]: *** [cmTryCompileExec1253788223] Error 1
make: *** [cmTryCompileExec1253788223/fast] Error 2


